<?xml version="1.0" encoding="UTF-8"?>
<!-- Generated by org.testng.reporters.JUnitReportReporter -->
<testsuite skipped="0" hostname="rohini" name="com.inferyx.framework.dataVisualization.vizpod.VizpodActionUnPublish" tests="1" failures="0" timestamp="08 Mar 2019 11:37:57 GMT" time="11.344" errors="0">
  <testcase name="vizpodUnPublishAction" time="11.344" classname="com.inferyx.framework.dataVisualization.vizpod.VizpodActionUnPublish"/>
</testsuite> <!-- com.inferyx.framework.dataVisualization.vizpod.VizpodActionUnPublish -->
