<?xml version="1.0" encoding="UTF-8"?>
<!-- Generated by org.testng.reporters.JUnitReportReporter -->
<testsuite skipped="0" hostname="rohini" name="com.inferyx.framework.dataProfiling.DataProfiling" tests="1" failures="0" timestamp="05 Mar 2019 14:27:41 GMT" time="10.399" errors="0">
  <testcase name="dataProfiling" time="10.399" classname="com.inferyx.framework.dataProfiling.DataProfiling"/>
</testsuite> <!-- com.inferyx.framework.dataProfiling.DataProfiling -->
