<?xml version="1.0" encoding="UTF-8"?>
<!-- Generated by org.testng.reporters.JUnitReportReporter -->
<testsuite skipped="0" hostname="rohini" name="com.inferyx.framework.dataPreparation.datapod.listpage.Datapod" tests="1" failures="0" timestamp="10 Mar 2019 20:30:58 GMT" time="3.165" errors="0">
  <testcase name="dataDatapod" time="3.165" classname="com.inferyx.framework.dataPreparation.datapod.listpage.Datapod"/>
</testsuite> <!-- com.inferyx.framework.dataPreparation.datapod.listpage.Datapod -->
