<?xml version="1.0" encoding="UTF-8"?>
<!-- Generated by org.testng.reporters.JUnitReportReporter -->
<testsuite skipped="0" hostname="rohini" name="com.inferyx.framework.dataVisualization.dashboard.DashBoardView" tests="1" failures="0" timestamp="10 Mar 2019 17:50:44 GMT" time="136.266" errors="0">
  <testcase name="datshBoardView" time="136.266" classname="com.inferyx.framework.dataVisualization.dashboard.DashBoardView"/>
</testsuite> <!-- com.inferyx.framework.dataVisualization.dashboard.DashBoardView -->
