<?xml version="1.0" encoding="UTF-8"?>
<!-- Generated by org.testng.reporters.JUnitReportReporter -->
<testsuite skipped="0" hostname="rohini" name="com.inferyx.framework.selenium.LoginPage" tests="3" failures="0" timestamp="05 Mar 2019 14:54:09 GMT" time="179.294" errors="0">
  <testcase name="openBrowser" time="13.752" classname="com.inferyx.framework.selenium.LoginPage"/>
  <testcase name="login" time="131.769" classname="com.inferyx.framework.selenium.LoginPage"/>
  <testcase name="appSelection" time="33.773" classname="com.inferyx.framework.selenium.LoginPage"/>
</testsuite> <!-- com.inferyx.framework.selenium.LoginPage -->
