<?xml version="1.0" encoding="UTF-8"?>
<!-- Generated by org.testng.reporters.JUnitReportReporter -->
<testsuite skipped="0" hostname="rohini" name="com.inferyx.framework.dataVisualization.dashboard.DashBoardIcon" tests="9" failures="0" timestamp="10 Mar 2019 17:50:44 GMT" time="846.581" errors="0">
  <testcase name="datshBoardView" time="357.496" classname="com.inferyx.framework.dataVisualization.dashboard.DashBoardIcon"/>
  <testcase name="datshBoardGrid" time="184.728" classname="com.inferyx.framework.dataVisualization.dashboard.DashBoardIcon"/>
  <testcase name="datshBoardChart" time="72.469" classname="com.inferyx.framework.dataVisualization.dashboard.DashBoardIcon"/>
  <testcase name="datshBoardDownload" time="19.212" classname="com.inferyx.framework.dataVisualization.dashboard.DashBoardIcon"/>
  <testcase name="datshBoardMaximize" time="19.701" classname="com.inferyx.framework.dataVisualization.dashboard.DashBoardIcon"/>
  <testcase name="datshBoardMinimizeGraph" time="35.053" classname="com.inferyx.framework.dataVisualization.dashboard.DashBoardIcon"/>
  <testcase name="datshBoardRefresh" time="24.634" classname="com.inferyx.framework.dataVisualization.dashboard.DashBoardIcon"/>
  <testcase name="datshBoardEdit" time="98.457" classname="com.inferyx.framework.dataVisualization.dashboard.DashBoardIcon"/>
  <testcase name="vizpodClosed" time="34.831" classname="com.inferyx.framework.dataVisualization.dashboard.DashBoardIcon"/>
</testsuite> <!-- com.inferyx.framework.dataVisualization.dashboard.DashBoardIcon -->
