<?xml version="1.0" encoding="UTF-8"?>
<!-- Generated by org.testng.reporters.JUnitReportReporter -->
<testsuite skipped="0" hostname="rohini" name="com.inferyx.framework.logout.Logout" tests="1" failures="0" timestamp="08 Mar 2019 11:37:57 GMT" time="3.554" errors="0">
  <testcase name="dataDiscoveryList" time="3.554" classname="com.inferyx.framework.logout.Logout"/>
</testsuite> <!-- com.inferyx.framework.logout.Logout -->
