<?xml version="1.0" encoding="UTF-8"?>
<!-- Generated by org.testng.reporters.JUnitReportReporter -->
<testsuite skipped="0" hostname="rohini" name="com.inferyx.framework.dataPreparation.datapod.listpage.DatapodListPage" tests="6" failures="0" timestamp="10 Mar 2019 20:30:58 GMT" time="92.691" errors="0">
  <testcase name="DatapodSearchByName" time="8.830" classname="com.inferyx.framework.dataPreparation.datapod.listpage.DatapodListPage"/>
  <testcase name="RuleSearchByUser" time="20.466" classname="com.inferyx.framework.dataPreparation.datapod.listpage.DatapodListPage"/>
  <testcase name="VizpodSearchCriteriaRefresh" time="4.251" classname="com.inferyx.framework.dataPreparation.datapod.listpage.DatapodListPage"/>
  <testcase name="RuleStartAndEndDate" time="15.618" classname="com.inferyx.framework.dataPreparation.datapod.listpage.DatapodListPage"/>
  <testcase name="datapodSearchStatus" time="32.524" classname="com.inferyx.framework.dataPreparation.datapod.listpage.DatapodListPage"/>
  <testcase name="datapodSearchName" time="11.002" classname="com.inferyx.framework.dataPreparation.datapod.listpage.DatapodListPage"/>
</testsuite> <!-- com.inferyx.framework.dataPreparation.datapod.listpage.DatapodListPage -->
