<?xml version="1.0" encoding="UTF-8"?>
<!-- Generated by org.testng.reporters.JUnitReportReporter -->
<testsuite skipped="0" hostname="rohini" name="com.inferyx.framework.selenium.LoginPage" tests="3" failures="0" timestamp="10 Mar 2019 20:30:58 GMT" time="21.580" errors="0">
  <testcase name="openBrowser" time="7.454" classname="com.inferyx.framework.selenium.LoginPage"/>
  <testcase name="login" time="2.454" classname="com.inferyx.framework.selenium.LoginPage"/>
  <testcase name="appSelection" time="11.672" classname="com.inferyx.framework.selenium.LoginPage"/>
</testsuite> <!-- com.inferyx.framework.selenium.LoginPage -->
