<?xml version="1.0" encoding="UTF-8"?>
<!-- Generated by org.testng.reporters.JUnitReportReporter -->
<testsuite skipped="0" hostname="rohini" name="com.inferyx.framework.dataVisualization.vizpod.listPage.VizpodListPage" tests="6" failures="0" timestamp="08 Mar 2019 11:37:57 GMT" time="50.221" errors="0">
  <testcase name="VizpodSearchByName" time="7.581" classname="com.inferyx.framework.dataVisualization.vizpod.listPage.VizpodListPage"/>
  <testcase name="VizpodSearchByUser" time="8.452" classname="com.inferyx.framework.dataVisualization.vizpod.listPage.VizpodListPage"/>
  <testcase name="VizpodSearchCriteriaRefresh" time="4.272" classname="com.inferyx.framework.dataVisualization.vizpod.listPage.VizpodListPage"/>
  <testcase name="VizpodStartAndEndDate" time="15.823" classname="com.inferyx.framework.dataVisualization.vizpod.listPage.VizpodListPage"/>
  <testcase name="VizpodSearchStatus" time="8.565" classname="com.inferyx.framework.dataVisualization.vizpod.listPage.VizpodListPage"/>
  <testcase name="VizpodSearchName" time="5.528" classname="com.inferyx.framework.dataVisualization.vizpod.listPage.VizpodListPage"/>
</testsuite> <!-- com.inferyx.framework.dataVisualization.vizpod.listPage.VizpodListPage -->
