<?xml version="1.0" encoding="UTF-8"?>
<!-- Generated by org.testng.reporters.JUnitReportReporter -->
<testsuite skipped="0" hostname="rohini" name="com.inferyx.framework.selenium.LoginPage" tests="3" failures="0" timestamp="05 Mar 2019 14:27:41 GMT" time="55.723" errors="0">
  <testcase name="openBrowser" time="5.906" classname="com.inferyx.framework.selenium.LoginPage"/>
  <testcase name="login" time="3.327" classname="com.inferyx.framework.selenium.LoginPage"/>
  <testcase name="appSelection" time="46.490" classname="com.inferyx.framework.selenium.LoginPage"/>
</testsuite> <!-- com.inferyx.framework.selenium.LoginPage -->
