<?xml version="1.0" encoding="UTF-8"?>
<!-- Generated by org.testng.reporters.JUnitReportReporter -->
<testsuite skipped="0" hostname="rohini" name="com.inferyx.framework.dataVisualization.dashboard.DashBoardFilter" tests="4" failures="0" timestamp="10 Mar 2019 17:50:44 GMT" time="243.273" errors="0">
  <testcase name="datshBoardFilter" time="207.682" classname="com.inferyx.framework.dataVisualization.dashboard.DashBoardFilter"/>
  <testcase name="datshBoardClose" time="10.290" classname="com.inferyx.framework.dataVisualization.dashboard.DashBoardFilter"/>
  <testcase name="datshBoardDelete" time="11.771" classname="com.inferyx.framework.dataVisualization.dashboard.DashBoardFilter"/>
  <testcase name="datshBoardRestore" time="13.530" classname="com.inferyx.framework.dataVisualization.dashboard.DashBoardFilter"/>
</testsuite> <!-- com.inferyx.framework.dataVisualization.dashboard.DashBoardFilter -->
