<?xml version="1.0" encoding="UTF-8"?>
<!-- Generated by org.testng.reporters.JUnitReportReporter -->
<testsuite skipped="0" hostname="rohini" name="com.inferyx.framework.dataPreparation.DataPreaparation" tests="1" failures="0" timestamp="10 Mar 2019 20:30:58 GMT" time="9.830" errors="0">
  <testcase name="dataPreparationList" time="9.830" classname="com.inferyx.framework.dataPreparation.DataPreaparation"/>
</testsuite> <!-- com.inferyx.framework.dataPreparation.DataPreaparation -->
