<?xml version="1.0" encoding="UTF-8"?>
<!-- Generated by org.testng.reporters.JUnitReportReporter -->
<testsuite skipped="0" hostname="rohini" name="com.inferyx.framework.dataVisualization.dashboard.DashBoardSearch" tests="1" failures="0" timestamp="10 Mar 2019 17:50:44 GMT" time="24.845" errors="0">
  <testcase name="datshBoardSearch" time="24.845" classname="com.inferyx.framework.dataVisualization.dashboard.DashBoardSearch"/>
</testsuite> <!-- com.inferyx.framework.dataVisualization.dashboard.DashBoardSearch -->
