<?xml version="1.0" encoding="UTF-8"?>
<!-- Generated by org.testng.reporters.JUnitReportReporter -->
<testsuite skipped="0" hostname="rohini" name="com.inferyx.framework.dataVisualization.vizpod.VizpodActionClone" tests="1" failures="0" timestamp="08 Mar 2019 11:37:57 GMT" time="11.433" errors="0">
  <testcase name="vizpodEditAction" time="11.433" classname="com.inferyx.framework.dataVisualization.vizpod.VizpodActionClone"/>
</testsuite> <!-- com.inferyx.framework.dataVisualization.vizpod.VizpodActionClone -->
