<?xml version="1.0" encoding="UTF-8"?>
<!-- Generated by org.testng.reporters.JUnitReportReporter -->
<testsuite hostname="ip-172-31-9-182" failures="0" tests="3" name="com.inferyx.framework.selenium.LoginPage" time="26.814" errors="0" timestamp="19 Feb 2021 19:18:01 GMT" skipped="0">
  <testcase classname="com.inferyx.framework.selenium.LoginPage" name="openBrowser" time="4.672"/>
  <testcase classname="com.inferyx.framework.selenium.LoginPage" name="login" time="2.591"/>
  <testcase classname="com.inferyx.framework.selenium.LoginPage" name="appSelection" time="19.551"/>
</testsuite> <!-- com.inferyx.framework.selenium.LoginPage -->
