<?xml version="1.0" encoding="UTF-8"?>
<!-- Generated by org.testng.reporters.JUnitReportReporter -->
<testsuite skipped="0" hostname="rohini" name="com.inferyx.framework.dataVisualization.dashboard.DashBoard" tests="3" failures="0" timestamp="10 Mar 2019 17:50:44 GMT" time="14.500" errors="0">
  <testcase name="Dashboard" time="2.235" classname="com.inferyx.framework.dataVisualization.dashboard.DashBoard"/>
  <testcase name="datshBoardTile" time="4.634" classname="com.inferyx.framework.dataVisualization.dashboard.DashBoard"/>
  <testcase name="datshBoardList" time="7.631" classname="com.inferyx.framework.dataVisualization.dashboard.DashBoard"/>
</testsuite> <!-- com.inferyx.framework.dataVisualization.dashboard.DashBoard -->
