<?xml version="1.0" encoding="UTF-8"?>
<!-- Generated by org.testng.reporters.JUnitReportReporter -->
<testsuite skipped="0" hostname="rohini" name="com.inferyx.framework.dataVisualization.report.Report" tests="1" failures="0" timestamp="10 Mar 2019 19:10:18 GMT" time="2.181" errors="0">
  <testcase name="Report" time="2.181" classname="com.inferyx.framework.dataVisualization.report.Report"/>
</testsuite> <!-- com.inferyx.framework.dataVisualization.report.Report -->
