<?xml version="1.0" encoding="UTF-8"?>
<!-- Generated by org.testng.reporters.JUnitReportReporter -->
<testsuite skipped="0" hostname="rohini" name="com.inferyx.framework.dataVisualization.vizpod.VizpodActionEdit" tests="1" failures="0" timestamp="08 Mar 2019 11:37:57 GMT" time="13.771" errors="0">
  <testcase name="vizpodEdit" time="13.771" classname="com.inferyx.framework.dataVisualization.vizpod.VizpodActionEdit"/>
</testsuite> <!-- com.inferyx.framework.dataVisualization.vizpod.VizpodActionEdit -->
