<?xml version="1.0" encoding="UTF-8"?>
<!-- Generated by org.testng.reporters.JUnitReportReporter -->
<testsuite skipped="0" hostname="rohini" name="com.inferyx.framework.dataVisualization.vizpod.listPage.Vizpod" tests="1" failures="0" timestamp="08 Mar 2019 11:37:57 GMT" time="4.134" errors="0">
  <testcase name="Vizpod" time="4.134" classname="com.inferyx.framework.dataVisualization.vizpod.listPage.Vizpod"/>
</testsuite> <!-- com.inferyx.framework.dataVisualization.vizpod.listPage.Vizpod -->
