<?xml version="1.0" encoding="UTF-8"?>
<!-- Generated by org.testng.reporters.JUnitReportReporter -->
<testsuite skipped="0" hostname="rohini" name="com.inferyx.framework.dataProfiling.rule.listPage.DataProfilingRule" tests="1" failures="0" timestamp="05 Mar 2019 14:54:09 GMT" time="12.115" errors="0">
  <testcase name="dataProfileRule" time="12.115" classname="com.inferyx.framework.dataProfiling.rule.listPage.DataProfilingRule"/>
</testsuite> <!-- com.inferyx.framework.dataProfiling.rule.listPage.DataProfilingRule -->
